<?xml version="1.0" encoding="UTF-8"?>
<testng-results skipped="0" failed="1" ignored="0" total="2" passed="1">
  <reporter-output>
  </reporter-output>
  <suite name="Suite" duration-ms="79301" started-at="2019-10-31T06:34:00Z" finished-at="2019-10-31T06:35:19Z">
    <groups>
    </groups>
    <test name="Test" duration-ms="79301" started-at="2019-10-31T06:34:00Z" finished-at="2019-10-31T06:35:19Z">
      <class name="com.seleniumFramework.productDetailsPage.VerifyProductCounts">
        <test-method status="PASS" signature="launchBrowser()[pri:0, instance:com.seleniumFramework.productDetailsPage.VerifyProductCounts@341b80b2]" name="launchBrowser" is-config="true" duration-ms="4033" started-at="2019-10-31T17:34:34Z" finished-at="2019-10-31T17:34:38Z">
          <reporter-output>
          </reporter-output>
        </test-method> <!-- launchBrowser -->
        <test-method status="PASS" signature="beforeMethod(java.lang.reflect.Method)[pri:0, instance:com.seleniumFramework.productDetailsPage.VerifyProductCounts@341b80b2]" name="beforeMethod" is-config="true" duration-ms="1" started-at="2019-10-31T17:34:38Z" finished-at="2019-10-31T17:34:38Z">
          <params>
            <param index="0">
              <value>
                <![CDATA[public void com.seleniumFramework.productDetailsPage.VerifyProductCounts.testVerifyProductCounts()]]>
              </value>
            </param>
          </params>
          <reporter-output>
          </reporter-output>
        </test-method> <!-- beforeMethod -->
        <test-method status="FAIL" signature="testVerifyProductCounts()[pri:0, instance:com.seleniumFramework.productDetailsPage.VerifyProductCounts@341b80b2]" name="testVerifyProductCounts" duration-ms="34956" started-at="2019-10-31T17:34:38Z" finished-at="2019-10-31T17:35:13Z">
          <exception class="java.lang.AssertionError">
            <message>
              <![CDATA[product count is not matching expected [true] but found [false]]]>
            </message>
            <full-stacktrace>
              <![CDATA[java.lang.AssertionError: product count is not matching expected [true] but found [false]
	at org.testng.Assert.fail(Assert.java:94)
	at org.testng.Assert.failNotEquals(Assert.java:513)
	at org.testng.Assert.assertTrue(Assert.java:42)
	at com.seleniumFramework.productDetailsPage.VerifyProductCounts.testVerifyProductCounts(VerifyProductCounts.java:38)
	at sun.reflect.NativeMethodAccessorImpl.invoke0(Native Method)
	at sun.reflect.NativeMethodAccessorImpl.invoke(NativeMethodAccessorImpl.java:62)
	at sun.reflect.DelegatingMethodAccessorImpl.invoke(DelegatingMethodAccessorImpl.java:43)
	at java.lang.reflect.Method.invoke(Method.java:498)
	at org.testng.internal.MethodInvocationHelper.invokeMethod(MethodInvocationHelper.java:104)
	at org.testng.internal.Invoker.invokeMethod(Invoker.java:645)
	at org.testng.internal.Invoker.invokeTestMethod(Invoker.java:851)
	at org.testng.internal.Invoker.invokeTestMethods(Invoker.java:1177)
	at org.testng.internal.TestMethodWorker.invokeTestMethods(TestMethodWorker.java:129)
	at org.testng.internal.TestMethodWorker.run(TestMethodWorker.java:112)
	at org.testng.TestRunner.privateRun(TestRunner.java:756)
	at org.testng.TestRunner.run(TestRunner.java:610)
	at org.testng.SuiteRunner.runTest(SuiteRunner.java:387)
	at org.testng.SuiteRunner.runSequentially(SuiteRunner.java:382)
	at org.testng.SuiteRunner.privateRun(SuiteRunner.java:340)
	at org.testng.SuiteRunner.run(SuiteRunner.java:289)
	at org.testng.SuiteRunnerWorker.runSuite(SuiteRunnerWorker.java:52)
	at org.testng.SuiteRunnerWorker.run(SuiteRunnerWorker.java:86)
	at org.testng.TestNG.runSuitesSequentially(TestNG.java:1293)
	at org.testng.TestNG.runSuitesLocally(TestNG.java:1218)
	at org.testng.TestNG.runSuites(TestNG.java:1133)
	at org.testng.TestNG.run(TestNG.java:1104)
	at org.testng.remote.AbstractRemoteTestNG.run(AbstractRemoteTestNG.java:114)
	at org.testng.remote.RemoteTestNG.initAndRun(RemoteTestNG.java:251)
	at org.testng.remote.RemoteTestNG.main(RemoteTestNG.java:77)
]]>
            </full-stacktrace>
          </exception> <!-- java.lang.AssertionError -->
          <reporter-output>
          </reporter-output>
        </test-method> <!-- testVerifyProductCounts -->
        <test-method status="PASS" signature="afterMethod(org.testng.ITestResult)[pri:0, instance:com.seleniumFramework.productDetailsPage.VerifyProductCounts@341b80b2]" name="afterMethod" is-config="true" duration-ms="1310" started-at="2019-10-31T17:35:13Z" finished-at="2019-10-31T17:35:14Z">
          <params>
            <param index="0">
              <value>
                <![CDATA[[TestResult name=testVerifyProductCounts status=FAILURE method=VerifyProductCounts.testVerifyProductCounts()[pri:0, instance:com.seleniumFramework.productDetailsPage.VerifyProductCounts@341b80b2] output={null}]]]>
              </value>
            </param>
          </params>
          <reporter-output>
          </reporter-output>
        </test-method> <!-- afterMethod -->
        <test-method status="PASS" signature="endTest()[pri:0, instance:com.seleniumFramework.productDetailsPage.VerifyProductCounts@341b80b2]" name="endTest" is-config="true" duration-ms="5177" started-at="2019-10-31T17:35:14Z" finished-at="2019-10-31T17:35:19Z">
          <reporter-output>
          </reporter-output>
        </test-method> <!-- endTest -->
      </class> <!-- com.seleniumFramework.productDetailsPage.VerifyProductCounts -->
      <class name="com.seleniumFramework.loginPage.LoginTest">
        <test-method status="PASS" signature="launchBrowser()[pri:0, instance:com.seleniumFramework.loginPage.LoginTest@8e0379d]" name="launchBrowser" is-config="true" duration-ms="7701" started-at="2019-10-31T17:34:00Z" finished-at="2019-10-31T17:34:08Z">
          <reporter-output>
          </reporter-output>
        </test-method> <!-- launchBrowser -->
        <test-method status="PASS" signature="beforeMethod(java.lang.reflect.Method)[pri:0, instance:com.seleniumFramework.loginPage.LoginTest@8e0379d]" name="beforeMethod" is-config="true" duration-ms="6" started-at="2019-10-31T17:34:08Z" finished-at="2019-10-31T17:34:08Z">
          <params>
            <param index="0">
              <value>
                <![CDATA[public void com.seleniumFramework.loginPage.LoginTest.testLoginToApplication()]]>
              </value>
            </param>
          </params>
          <reporter-output>
          </reporter-output>
        </test-method> <!-- beforeMethod -->
        <test-method status="PASS" signature="testLoginToApplication()[pri:0, instance:com.seleniumFramework.loginPage.LoginTest@8e0379d]" name="testLoginToApplication" duration-ms="23382" started-at="2019-10-31T17:34:08Z" finished-at="2019-10-31T17:34:31Z">
          <reporter-output>
          </reporter-output>
        </test-method> <!-- testLoginToApplication -->
        <test-method status="PASS" signature="afterMethod(org.testng.ITestResult)[pri:0, instance:com.seleniumFramework.loginPage.LoginTest@8e0379d]" name="afterMethod" is-config="true" duration-ms="1" started-at="2019-10-31T17:34:31Z" finished-at="2019-10-31T17:34:31Z">
          <params>
            <param index="0">
              <value>
                <![CDATA[[TestResult name=testLoginToApplication status=SUCCESS method=LoginTest.testLoginToApplication()[pri:0, instance:com.seleniumFramework.loginPage.LoginTest@8e0379d] output={null}]]]>
              </value>
            </param>
          </params>
          <reporter-output>
          </reporter-output>
        </test-method> <!-- afterMethod -->
        <test-method status="PASS" signature="endTest()[pri:0, instance:com.seleniumFramework.loginPage.LoginTest@8e0379d]" name="endTest" is-config="true" duration-ms="2467" started-at="2019-10-31T17:34:31Z" finished-at="2019-10-31T17:34:34Z">
          <reporter-output>
          </reporter-output>
        </test-method> <!-- endTest -->
      </class> <!-- com.seleniumFramework.loginPage.LoginTest -->
    </test> <!-- Test -->
  </suite> <!-- Suite -->
</testng-results>
